[2026-01-13T06:59:51.575+0000] {taskinstance.py:1956} INFO - Dependencies all met for dep_context=non-requeueable deps ti=<TaskInstance: bronze_ingestion.generate_campaigns scheduled__2026-01-12T00:00:00+00:00 [queued]>
[2026-01-13T06:59:51.582+0000] {taskinstance.py:1956} INFO - Dependencies all met for dep_context=requeueable deps ti=<TaskInstance: bronze_ingestion.generate_campaigns scheduled__2026-01-12T00:00:00+00:00 [queued]>
[2026-01-13T06:59:51.583+0000] {taskinstance.py:2170} INFO - Starting attempt 3 of 3
[2026-01-13T06:59:51.595+0000] {taskinstance.py:2191} INFO - Executing <Task(PythonOperator): generate_campaigns> on 2026-01-12 00:00:00+00:00
[2026-01-13T06:59:51.600+0000] {standard_task_runner.py:60} INFO - Started process 337 to run task
[2026-01-13T06:59:51.604+0000] {standard_task_runner.py:87} INFO - Running: ['***', 'tasks', 'run', 'bronze_ingestion', 'generate_campaigns', 'scheduled__2026-01-12T00:00:00+00:00', '--job-id', '27', '--raw', '--subdir', 'DAGS_FOLDER/bronze_ingestion_dag.py', '--cfg-path', '/tmp/tmps2ten83r']
[2026-01-13T06:59:51.607+0000] {standard_task_runner.py:88} INFO - Job 27: Subtask generate_campaigns
[2026-01-13T06:59:51.680+0000] {task_command.py:423} INFO - Running <TaskInstance: bronze_ingestion.generate_campaigns scheduled__2026-01-12T00:00:00+00:00 [running]> on host 06fe2fc76adc
[2026-01-13T06:59:51.760+0000] {taskinstance.py:2480} INFO - Exporting env vars: AIRFLOW_CTX_DAG_OWNER='***' AIRFLOW_CTX_DAG_ID='bronze_ingestion' AIRFLOW_CTX_TASK_ID='generate_campaigns' AIRFLOW_CTX_EXECUTION_DATE='2026-01-12T00:00:00+00:00' AIRFLOW_CTX_TRY_NUMBER='3' AIRFLOW_CTX_DAG_RUN_ID='scheduled__2026-01-12T00:00:00+00:00'
[2026-01-13T06:59:51.762+0000] {logging_mixin.py:188} INFO - ðŸ“¢ Generating campaign data...
[2026-01-13T06:59:51.763+0000] {logging_mixin.py:188} INFO - âœ… Generated 5 campaigns
[2026-01-13T06:59:51.774+0000] {base.py:83} INFO - Using connection ID 'warehouse_db' for task execution.
[2026-01-13T06:59:51.780+0000] {taskinstance.py:2698} ERROR - Task failed with exception
Traceback (most recent call last):
  File "/home/airflow/.local/lib/python3.11/site-packages/airflow/models/taskinstance.py", line 433, in _execute_task
    result = execute_callable(context=context, **execute_callable_kwargs)
             ^^^^^^^^^^^^^^^^^^^^^^^^^^^^^^^^^^^^^^^^^^^^^^^^^^^^^^^^^^^^
  File "/home/airflow/.local/lib/python3.11/site-packages/airflow/operators/python.py", line 199, in execute
    return_value = self.execute_callable()
                   ^^^^^^^^^^^^^^^^^^^^^^^
  File "/home/airflow/.local/lib/python3.11/site-packages/airflow/operators/python.py", line 216, in execute_callable
    return self.python_callable(*self.op_args, **self.op_kwargs)
           ^^^^^^^^^^^^^^^^^^^^^^^^^^^^^^^^^^^^^^^^^^^^^^^^^^^^^
  File "/opt/airflow/dags/bronze_ingestion_dag.py", line 314, in generate_and_load_campaigns
    conn = postgres_hook.get_conn()
           ^^^^^^^^^^^^^^^^^^^^^^^^
  File "/home/airflow/.local/lib/python3.11/site-packages/airflow/providers/postgres/hooks/postgres.py", line 158, in get_conn
    self.conn = psycopg2.connect(**conn_args)
                ^^^^^^^^^^^^^^^^^^^^^^^^^^^^^
  File "/home/airflow/.local/lib/python3.11/site-packages/psycopg2/__init__.py", line 122, in connect
    conn = _connect(dsn, connection_factory=connection_factory, **kwasync)
           ^^^^^^^^^^^^^^^^^^^^^^^^^^^^^^^^^^^^^^^^^^^^^^^^^^^^^^^^^^^^^^^
psycopg2.OperationalError: connection to server at "postgres" (172.19.0.3), port 5432 failed: FATAL:  database "data_warehouse" does not exist

[2026-01-13T06:59:51.796+0000] {taskinstance.py:1138} INFO - Marking task as FAILED. dag_id=bronze_ingestion, task_id=generate_campaigns, execution_date=20260112T000000, start_date=20260113T065951, end_date=20260113T065951
[2026-01-13T06:59:51.808+0000] {standard_task_runner.py:107} ERROR - Failed to execute job 27 for task generate_campaigns (connection to server at "postgres" (172.19.0.3), port 5432 failed: FATAL:  database "data_warehouse" does not exist
; 337)
[2026-01-13T06:59:51.817+0000] {local_task_job_runner.py:234} INFO - Task exited with return code 1
[2026-01-13T06:59:51.835+0000] {taskinstance.py:3280} INFO - 0 downstream tasks scheduled from follow-on schedule check
